2025-05-26T11:43:34.670Z  INFO 1 --- [patient-service] [main] c.g.p.PatientServiceApplication          : No active profile set, falling back to 1 default profile: "default"
2025-05-26T11:43:39.355Z  INFO 1 --- [patient-service] [main] .s.d.r.c.RepositoryConfigurationDelegate : Bootstrapping Spring Data JPA repositories in DEFAULT mode.
2025-05-26T11:43:39.565Z  INFO 1 --- [patient-service] [main] .s.d.r.c.RepositoryConfigurationDelegate : Finished Spring Data repository scanning in 139 ms. Found 1 JPA repository interface.
2025-05-26T11:43:40.658Z  INFO 1 --- [patient-service] [main] o.s.cloud.context.scope.GenericScope     : BeanFactory id=1e110a48-b61b-3819-a602-547459bad085
2025-05-26T11:43:45.957Z  INFO 1 --- [patient-service] [main] o.s.b.w.embedded.tomcat.TomcatWebServer  : Tomcat initialized with port 8080 (http)
2025-05-26T11:43:46.186Z  INFO 1 --- [patient-service] [main] o.apache.catalina.core.StandardService   : Starting service [Tomcat]
2025-05-26T11:43:46.189Z  INFO 1 --- [patient-service] [main] o.apache.catalina.core.StandardEngine    : Starting Servlet engine: [Apache Tomcat/10.1.36]
2025-05-26T11:43:46.542Z  INFO 1 --- [patient-service] [main] o.a.c.c.C.[Tomcat].[localhost].[/]       : Initializing Spring embedded WebApplicationContext
2025-05-26T11:43:46.560Z  INFO 1 --- [patient-service] [main] w.s.c.ServletWebServerApplicationContext : Root WebApplicationContext: initialization completed in 11748 ms
2025-05-26T11:43:50.369Z  INFO 1 --- [patient-service] [main] o.hibernate.jpa.internal.util.LogHelper  : HHH000204: Processing PersistenceUnitInfo [name: default]
2025-05-26T11:43:50.987Z  INFO 1 --- [patient-service] [main] org.hibernate.Version                    : HHH000412: Hibernate ORM core version 6.6.8.Final
2025-05-26T11:43:51.162Z  INFO 1 --- [patient-service] [main] o.h.c.internal.RegionFactoryInitiator    : HHH000026: Second-level cache disabled
2025-05-26T11:43:52.154Z  INFO 1 --- [patient-service] [main] o.s.o.j.p.SpringPersistenceUnitInfo      : No LoadTimeWeaver setup: ignoring JPA class transformer
2025-05-26T11:43:52.238Z  INFO 1 --- [patient-service] [main] com.zaxxer.hikari.HikariDataSource       : HikariPool-1 - Starting...
2025-05-26T11:43:53.284Z  INFO 1 --- [patient-service] [main] com.zaxxer.hikari.pool.HikariPool        : HikariPool-1 - Added connection com.mysql.cj.jdbc.ConnectionImpl@1d38cdde
2025-05-26T11:43:53.293Z  INFO 1 --- [patient-service] [main] com.zaxxer.hikari.HikariDataSource       : HikariPool-1 - Start completed.
2025-05-26T11:43:53.538Z  WARN 1 --- [patient-service] [main] org.hibernate.orm.deprecation            : HHH90000025: MySQLDialect does not need to be specified explicitly using 'hibernate.dialect' (remove the property setting and it will be selected by default)
2025-05-26T11:43:53.604Z  INFO 1 --- [patient-service] [main] org.hibernate.orm.connections.pooling    : HHH10001005: Database info:
	Database JDBC URL [Connecting through datasource 'HikariDataSource (HikariPool-1)']
	Database driver: undefined/unknown
	Database version: 8.0.36
	Autocommit mode: undefined/unknown
	Isolation level: undefined/unknown
	Minimum pool size: undefined/unknown
	Maximum pool size: undefined/unknown
2025-05-26T11:43:56.009Z  INFO 1 --- [patient-service] [main] o.h.e.t.j.p.i.JtaPlatformInitiator       : HHH000489: No JTA platform available (set 'hibernate.transaction.jta.platform' to enable JTA platform integration)
2025-05-26T11:43:56.103Z  INFO 1 --- [patient-service] [main] j.LocalContainerEntityManagerFactoryBean : Initialized JPA EntityManagerFactory for persistence unit 'default'
2025-05-26T11:43:57.733Z  WARN 1 --- [patient-service] [main] JpaBaseConfiguration$JpaWebConfiguration : spring.jpa.open-in-view is enabled by default. Therefore, database queries may be performed during view rendering. Explicitly configure spring.jpa.open-in-view to disable this warning
2025-05-26T11:43:59.365Z  INFO 1 --- [patient-service] [main] o.s.b.a.e.web.EndpointLinksResolver      : Exposing 2 endpoints beneath base path '/actuator'
2025-05-26T11:43:59.441Z  INFO 1 --- [patient-service] [main] c.g.p.config.SecurityConfig              : [SECURITY] Configuring SecurityFilterChain for Patient Service
2025-05-26T11:43:59.573Z  INFO 1 --- [patient-service] [main] c.g.p.config.SecurityConfig              : [SECURITY] JwtDecoder initialized with HMAC secret
2025-05-26T11:44:00.855Z  INFO 1 --- [patient-service] [main] o.s.b.w.embedded.tomcat.TomcatWebServer  : Tomcat started on port 8080 (http) with context path '/'
2025-05-26T11:44:00.901Z  INFO 1 --- [patient-service] [main] c.g.p.PatientServiceApplication          : Started PatientServiceApplication in 32.473 seconds (process running for 35.891)
2025-05-26T11:44:22.368Z  INFO 1 --- [patient-service] [http-nio-8080-exec-1] o.a.c.c.C.[Tomcat].[localhost].[/]       : Initializing Spring DispatcherServlet 'dispatcherServlet'
2025-05-26T11:44:22.369Z  INFO 1 --- [patient-service] [http-nio-8080-exec-1] o.s.web.servlet.DispatcherServlet        : Initializing Servlet 'dispatcherServlet'
2025-05-26T11:44:22.375Z  INFO 1 --- [patient-service] [http-nio-8080-exec-1] o.s.web.servlet.DispatcherServlet        : Completed initialization in 5 ms
2025-05-26T11:44:22.566Z  INFO 1 --- [patient-service] [http-nio-8080-exec-1] c.g.p.config.CustomRoleConverter         : [ROLE CONVERTER] Roles extracted for subject admin@example.com: [ADMIN]
2025-05-26T11:44:22.651Z  INFO 1 --- [patient-service] [http-nio-8080-exec-1] c.g.p.controller.PatientController       : [GET] Retrieving paginated list of all patients (page=0, size=10)
2025-05-26T11:44:22.985Z  INFO 1 --- [patient-service] [http-nio-8080-exec-1] c.g.p.controller.PatientController       : ✅ 24 patient(s) found
2025-05-26T11:44:23.083Z  WARN 1 --- [patient-service] [http-nio-8080-exec-1] ration$PageModule$WarningLoggingModifier : Serializing PageImpl instances as-is is not supported, meaning that there is no guarantee about the stability of the resulting JSON structure!
	For a stable JSON structure, please use Spring Data's PagedModel (globally via @EnableSpringDataWebSupport(pageSerializationMode = VIA_DTO))
	or Spring HATEOAS and Spring Data's PagedResourcesAssembler as documented in https://docs.spring.io/spring-data/commons/reference/repositories/core-extensions.html#core.web.pageables.

2025-05-26T11:44:31.566Z  INFO 1 --- [patient-service] [http-nio-8080-exec-2] c.g.p.config.CustomRoleConverter         : [ROLE CONVERTER] Roles extracted for subject admin@example.com: [ADMIN]
2025-05-26T11:44:31.597Z  INFO 1 --- [patient-service] [http-nio-8080-exec-2] c.g.p.controller.PatientController       : [PUT] Toggling active status for patient ID: e1a1b92d-fc71-4f71-a820-1c9e6f4ab015
2025-05-26T11:44:31.598Z  INFO 1 --- [patient-service] [http-nio-8080-exec-2] c.g.p.service.PatientService             : Toggling active status for patient with UID: e1a1b92d-fc71-4f71-a820-1c9e6f4ab015
2025-05-26T11:44:31.731Z  INFO 1 --- [patient-service] [http-nio-8080-exec-2] c.g.p.service.PatientService             : Patient UID e1a1b92d-fc71-4f71-a820-1c9e6f4ab015 is now active = false
2025-05-26T11:44:31.733Z  INFO 1 --- [patient-service] [http-nio-8080-exec-2] c.g.p.controller.PatientController       : ✅ Patient status updated: PatientDTO(uid=e1a1b92d-fc71-4f71-a820-1c9e6f4ab015, firstName=Olivier, lastName=Adam, birthDate=1984-11-11, gender=MALE, address=22 Rue Victor Hugo, phone=0644332211, active=false)
2025-05-26T11:44:33.266Z  INFO 1 --- [patient-service] [http-nio-8080-exec-3] c.g.p.config.CustomRoleConverter         : [ROLE CONVERTER] Roles extracted for subject admin@example.com: [ADMIN]
2025-05-26T11:44:33.272Z  INFO 1 --- [patient-service] [http-nio-8080-exec-3] c.g.p.controller.PatientController       : [PUT] Toggling active status for patient ID: e1a1b92d-fc71-4f71-a820-1c9e6f4ab015
2025-05-26T11:44:33.274Z  INFO 1 --- [patient-service] [http-nio-8080-exec-3] c.g.p.service.PatientService             : Toggling active status for patient with UID: e1a1b92d-fc71-4f71-a820-1c9e6f4ab015
2025-05-26T11:44:33.308Z  INFO 1 --- [patient-service] [http-nio-8080-exec-3] c.g.p.service.PatientService             : Patient UID e1a1b92d-fc71-4f71-a820-1c9e6f4ab015 is now active = true
2025-05-26T11:44:33.309Z  INFO 1 --- [patient-service] [http-nio-8080-exec-3] c.g.p.controller.PatientController       : ✅ Patient status updated: PatientDTO(uid=e1a1b92d-fc71-4f71-a820-1c9e6f4ab015, firstName=Olivier, lastName=Adam, birthDate=1984-11-11, gender=MALE, address=22 Rue Victor Hugo, phone=0644332211, active=true)
2025-05-26T11:47:00.943Z  INFO 1 --- [patient-service] [http-nio-8080-exec-5] c.g.p.config.CustomRoleConverter         : [ROLE CONVERTER] Roles extracted for subject admin@example.com: [ADMIN]
2025-05-26T11:47:00.950Z  INFO 1 --- [patient-service] [http-nio-8080-exec-5] c.g.p.controller.PatientController       : [GET] Retrieving paginated list of all patients (page=0, size=10)
2025-05-26T11:47:00.976Z  INFO 1 --- [patient-service] [http-nio-8080-exec-5] c.g.p.controller.PatientController       : ✅ 24 patient(s) found
2025-05-26T11:48:57.532Z  INFO 1 --- [patient-service] [SpringApplicationShutdownHook] o.s.b.w.e.tomcat.GracefulShutdown        : Commencing graceful shutdown. Waiting for active requests to complete
2025-05-26T11:48:57.625Z  INFO 1 --- [patient-service] [tomcat-shutdown] o.s.b.w.e.tomcat.GracefulShutdown        : Graceful shutdown complete
2025-05-26T11:48:57.640Z  INFO 1 --- [patient-service] [SpringApplicationShutdownHook] j.LocalContainerEntityManagerFactoryBean : Closing JPA EntityManagerFactory for persistence unit 'default'
2025-05-26T11:48:57.647Z  INFO 1 --- [patient-service] [SpringApplicationShutdownHook] com.zaxxer.hikari.HikariDataSource       : HikariPool-1 - Shutdown initiated...
2025-05-26T11:48:57.666Z  INFO 1 --- [patient-service] [SpringApplicationShutdownHook] com.zaxxer.hikari.HikariDataSource       : HikariPool-1 - Shutdown completed.
2025-05-26T11:51:26.549Z  INFO 1 --- [patient-service] [main] c.g.p.PatientServiceApplication          : No active profile set, falling back to 1 default profile: "default"
2025-05-26T11:51:31.926Z  INFO 1 --- [patient-service] [main] .s.d.r.c.RepositoryConfigurationDelegate : Bootstrapping Spring Data JPA repositories in DEFAULT mode.
2025-05-26T11:51:32.125Z  INFO 1 --- [patient-service] [main] .s.d.r.c.RepositoryConfigurationDelegate : Finished Spring Data repository scanning in 149 ms. Found 1 JPA repository interface.
2025-05-26T11:51:33.163Z  INFO 1 --- [patient-service] [main] o.s.cloud.context.scope.GenericScope     : BeanFactory id=1e110a48-b61b-3819-a602-547459bad085
2025-05-26T11:51:36.801Z  INFO 1 --- [patient-service] [main] o.s.b.w.embedded.tomcat.TomcatWebServer  : Tomcat initialized with port 8080 (http)
2025-05-26T11:51:36.911Z  INFO 1 --- [patient-service] [main] o.apache.catalina.core.StandardService   : Starting service [Tomcat]
2025-05-26T11:51:36.933Z  INFO 1 --- [patient-service] [main] o.apache.catalina.core.StandardEngine    : Starting Servlet engine: [Apache Tomcat/10.1.36]
2025-05-26T11:51:37.263Z  INFO 1 --- [patient-service] [main] o.a.c.c.C.[Tomcat].[localhost].[/]       : Initializing Spring embedded WebApplicationContext
2025-05-26T11:51:37.267Z  INFO 1 --- [patient-service] [main] w.s.c.ServletWebServerApplicationContext : Root WebApplicationContext: initialization completed in 10571 ms
2025-05-26T11:51:39.550Z  INFO 1 --- [patient-service] [main] o.hibernate.jpa.internal.util.LogHelper  : HHH000204: Processing PersistenceUnitInfo [name: default]
2025-05-26T11:51:39.790Z  INFO 1 --- [patient-service] [main] org.hibernate.Version                    : HHH000412: Hibernate ORM core version 6.6.8.Final
2025-05-26T11:51:39.895Z  INFO 1 --- [patient-service] [main] o.h.c.internal.RegionFactoryInitiator    : HHH000026: Second-level cache disabled
2025-05-26T11:51:40.747Z  INFO 1 --- [patient-service] [main] o.s.o.j.p.SpringPersistenceUnitInfo      : No LoadTimeWeaver setup: ignoring JPA class transformer
2025-05-26T11:51:40.862Z  INFO 1 --- [patient-service] [main] com.zaxxer.hikari.HikariDataSource       : HikariPool-1 - Starting...
2025-05-26T11:51:41.862Z  INFO 1 --- [patient-service] [main] com.zaxxer.hikari.pool.HikariPool        : HikariPool-1 - Added connection com.mysql.cj.jdbc.ConnectionImpl@4902c584
2025-05-26T11:51:41.869Z  INFO 1 --- [patient-service] [main] com.zaxxer.hikari.HikariDataSource       : HikariPool-1 - Start completed.
2025-05-26T11:51:42.026Z  WARN 1 --- [patient-service] [main] org.hibernate.orm.deprecation            : HHH90000025: MySQLDialect does not need to be specified explicitly using 'hibernate.dialect' (remove the property setting and it will be selected by default)
2025-05-26T11:51:42.079Z  INFO 1 --- [patient-service] [main] org.hibernate.orm.connections.pooling    : HHH10001005: Database info:
	Database JDBC URL [Connecting through datasource 'HikariDataSource (HikariPool-1)']
	Database driver: undefined/unknown
	Database version: 8.0.36
	Autocommit mode: undefined/unknown
	Isolation level: undefined/unknown
	Minimum pool size: undefined/unknown
	Maximum pool size: undefined/unknown
2025-05-26T11:51:43.604Z  INFO 1 --- [patient-service] [main] o.h.e.t.j.p.i.JtaPlatformInitiator       : HHH000489: No JTA platform available (set 'hibernate.transaction.jta.platform' to enable JTA platform integration)
2025-05-26T11:51:43.681Z  INFO 1 --- [patient-service] [main] j.LocalContainerEntityManagerFactoryBean : Initialized JPA EntityManagerFactory for persistence unit 'default'
2025-05-26T11:51:44.772Z  WARN 1 --- [patient-service] [main] JpaBaseConfiguration$JpaWebConfiguration : spring.jpa.open-in-view is enabled by default. Therefore, database queries may be performed during view rendering. Explicitly configure spring.jpa.open-in-view to disable this warning
2025-05-26T11:51:45.921Z  INFO 1 --- [patient-service] [main] o.s.b.a.e.web.EndpointLinksResolver      : Exposing 2 endpoints beneath base path '/actuator'
2025-05-26T11:51:45.992Z  INFO 1 --- [patient-service] [main] c.g.p.config.SecurityConfig              : [SECURITY] Configuring SecurityFilterChain for Patient Service
2025-05-26T11:51:46.119Z  INFO 1 --- [patient-service] [main] c.g.p.config.SecurityConfig              : [SECURITY] JwtDecoder initialized with HMAC secret
2025-05-26T11:51:47.701Z  INFO 1 --- [patient-service] [main] o.s.b.w.embedded.tomcat.TomcatWebServer  : Tomcat started on port 8080 (http) with context path '/'
2025-05-26T11:51:47.759Z  INFO 1 --- [patient-service] [main] c.g.p.PatientServiceApplication          : Started PatientServiceApplication in 27.317 seconds (process running for 30.898)
2025-05-26T12:04:59.951Z  INFO 1 --- [patient-service] [http-nio-8080-exec-1] o.a.c.c.C.[Tomcat].[localhost].[/]       : Initializing Spring DispatcherServlet 'dispatcherServlet'
2025-05-26T12:04:59.963Z  INFO 1 --- [patient-service] [http-nio-8080-exec-1] o.s.web.servlet.DispatcherServlet        : Initializing Servlet 'dispatcherServlet'
2025-05-26T12:05:00.028Z  INFO 1 --- [patient-service] [http-nio-8080-exec-1] o.s.web.servlet.DispatcherServlet        : Completed initialization in 63 ms
2025-05-26T12:05:00.538Z  INFO 1 --- [patient-service] [http-nio-8080-exec-1] c.g.p.config.CustomRoleConverter         : [ROLE CONVERTER] Roles extracted for subject user@example.com: [USER]
2025-05-26T12:05:00.709Z  INFO 1 --- [patient-service] [http-nio-8080-exec-1] c.g.p.controller.PatientController       : [GET] Retrieving paginated active patients (page=0, size=10)
2025-05-26T12:05:01.392Z  INFO 1 --- [patient-service] [http-nio-8080-exec-1] c.g.p.controller.PatientController       : ✅ 24 active patient(s) found
2025-05-26T12:05:01.584Z  WARN 1 --- [patient-service] [http-nio-8080-exec-1] ration$PageModule$WarningLoggingModifier : Serializing PageImpl instances as-is is not supported, meaning that there is no guarantee about the stability of the resulting JSON structure!
	For a stable JSON structure, please use Spring Data's PagedModel (globally via @EnableSpringDataWebSupport(pageSerializationMode = VIA_DTO))
	or Spring HATEOAS and Spring Data's PagedResourcesAssembler as documented in https://docs.spring.io/spring-data/commons/reference/repositories/core-extensions.html#core.web.pageables.

2025-05-26T12:25:15.296Z  INFO 1 --- [patient-service] [http-nio-8080-exec-3] c.g.p.config.CustomRoleConverter         : [ROLE CONVERTER] Roles extracted for subject admin@example.com: [ADMIN]
2025-05-26T12:25:15.358Z  INFO 1 --- [patient-service] [http-nio-8080-exec-3] c.g.p.controller.PatientController       : [GET] Retrieving paginated list of all patients (page=0, size=10)
2025-05-26T12:25:15.717Z  INFO 1 --- [patient-service] [http-nio-8080-exec-3] c.g.p.controller.PatientController       : ✅ 24 patient(s) found
2025-05-26T12:30:04.524Z  INFO 1 --- [patient-service] [http-nio-8080-exec-5] c.g.p.config.CustomRoleConverter         : [ROLE CONVERTER] Roles extracted for subject fouad.benhadda@example.com: [USER]
2025-05-26T12:30:04.551Z  INFO 1 --- [patient-service] [http-nio-8080-exec-5] c.g.p.controller.PatientController       : [GET] Retrieving paginated active patients (page=0, size=10)
2025-05-26T12:30:04.606Z  INFO 1 --- [patient-service] [http-nio-8080-exec-5] c.g.p.controller.PatientController       : ✅ 24 active patient(s) found
2025-05-26T12:38:51.265Z  INFO 1 --- [patient-service] [SpringApplicationShutdownHook] o.s.b.w.e.tomcat.GracefulShutdown        : Commencing graceful shutdown. Waiting for active requests to complete
2025-05-26T12:38:51.340Z  INFO 1 --- [patient-service] [tomcat-shutdown] o.s.b.w.e.tomcat.GracefulShutdown        : Graceful shutdown complete
2025-05-26T12:38:51.472Z  INFO 1 --- [patient-service] [SpringApplicationShutdownHook] j.LocalContainerEntityManagerFactoryBean : Closing JPA EntityManagerFactory for persistence unit 'default'
2025-05-26T12:38:51.571Z  INFO 1 --- [patient-service] [SpringApplicationShutdownHook] com.zaxxer.hikari.HikariDataSource       : HikariPool-1 - Shutdown initiated...
2025-05-26T12:38:51.661Z  INFO 1 --- [patient-service] [SpringApplicationShutdownHook] com.zaxxer.hikari.HikariDataSource       : HikariPool-1 - Shutdown completed.
2025-05-26T12:39:59.979Z  INFO 1 --- [patient-service] [main] c.g.p.PatientServiceApplication          : No active profile set, falling back to 1 default profile: "default"
2025-05-26T12:40:04.332Z  INFO 1 --- [patient-service] [main] .s.d.r.c.RepositoryConfigurationDelegate : Bootstrapping Spring Data JPA repositories in DEFAULT mode.
2025-05-26T12:40:04.505Z  INFO 1 --- [patient-service] [main] .s.d.r.c.RepositoryConfigurationDelegate : Finished Spring Data repository scanning in 112 ms. Found 1 JPA repository interface.
2025-05-26T12:40:05.622Z  INFO 1 --- [patient-service] [main] o.s.cloud.context.scope.GenericScope     : BeanFactory id=1e110a48-b61b-3819-a602-547459bad085
2025-05-26T12:40:11.478Z  INFO 1 --- [patient-service] [main] o.s.b.w.embedded.tomcat.TomcatWebServer  : Tomcat initialized with port 8080 (http)
2025-05-26T12:40:11.675Z  INFO 1 --- [patient-service] [main] o.apache.catalina.core.StandardService   : Starting service [Tomcat]
2025-05-26T12:40:11.683Z  INFO 1 --- [patient-service] [main] o.apache.catalina.core.StandardEngine    : Starting Servlet engine: [Apache Tomcat/10.1.36]
2025-05-26T12:40:11.824Z  INFO 1 --- [patient-service] [main] o.a.c.c.C.[Tomcat].[localhost].[/]       : Initializing Spring embedded WebApplicationContext
2025-05-26T12:40:11.829Z  INFO 1 --- [patient-service] [main] w.s.c.ServletWebServerApplicationContext : Root WebApplicationContext: initialization completed in 11749 ms
2025-05-26T12:40:14.429Z  INFO 1 --- [patient-service] [main] o.hibernate.jpa.internal.util.LogHelper  : HHH000204: Processing PersistenceUnitInfo [name: default]
2025-05-26T12:40:14.918Z  INFO 1 --- [patient-service] [main] org.hibernate.Version                    : HHH000412: Hibernate ORM core version 6.6.8.Final
2025-05-26T12:40:15.057Z  INFO 1 --- [patient-service] [main] o.h.c.internal.RegionFactoryInitiator    : HHH000026: Second-level cache disabled
2025-05-26T12:40:15.853Z  INFO 1 --- [patient-service] [main] o.s.o.j.p.SpringPersistenceUnitInfo      : No LoadTimeWeaver setup: ignoring JPA class transformer
2025-05-26T12:40:15.936Z  INFO 1 --- [patient-service] [main] com.zaxxer.hikari.HikariDataSource       : HikariPool-1 - Starting...
2025-05-26T12:40:16.718Z  INFO 1 --- [patient-service] [main] com.zaxxer.hikari.pool.HikariPool        : HikariPool-1 - Added connection com.mysql.cj.jdbc.ConnectionImpl@7a053795
2025-05-26T12:40:16.725Z  INFO 1 --- [patient-service] [main] com.zaxxer.hikari.HikariDataSource       : HikariPool-1 - Start completed.
2025-05-26T12:40:16.886Z  WARN 1 --- [patient-service] [main] org.hibernate.orm.deprecation            : HHH90000025: MySQLDialect does not need to be specified explicitly using 'hibernate.dialect' (remove the property setting and it will be selected by default)
2025-05-26T12:40:16.945Z  INFO 1 --- [patient-service] [main] org.hibernate.orm.connections.pooling    : HHH10001005: Database info:
	Database JDBC URL [Connecting through datasource 'HikariDataSource (HikariPool-1)']
	Database driver: undefined/unknown
	Database version: 8.0.36
	Autocommit mode: undefined/unknown
	Isolation level: undefined/unknown
	Minimum pool size: undefined/unknown
	Maximum pool size: undefined/unknown
2025-05-26T12:40:18.704Z  INFO 1 --- [patient-service] [main] o.h.e.t.j.p.i.JtaPlatformInitiator       : HHH000489: No JTA platform available (set 'hibernate.transaction.jta.platform' to enable JTA platform integration)
2025-05-26T12:40:18.797Z  INFO 1 --- [patient-service] [main] j.LocalContainerEntityManagerFactoryBean : Initialized JPA EntityManagerFactory for persistence unit 'default'
2025-05-26T12:40:20.257Z  WARN 1 --- [patient-service] [main] JpaBaseConfiguration$JpaWebConfiguration : spring.jpa.open-in-view is enabled by default. Therefore, database queries may be performed during view rendering. Explicitly configure spring.jpa.open-in-view to disable this warning
2025-05-26T12:40:21.677Z  INFO 1 --- [patient-service] [main] o.s.b.a.e.web.EndpointLinksResolver      : Exposing 2 endpoints beneath base path '/actuator'
2025-05-26T12:40:21.740Z  INFO 1 --- [patient-service] [main] c.g.p.config.SecurityConfig              : [SECURITY] Configuring SecurityFilterChain for Patient Service
2025-05-26T12:40:21.838Z  INFO 1 --- [patient-service] [main] c.g.p.config.SecurityConfig              : [SECURITY] JwtDecoder initialized with HMAC secret
2025-05-26T12:40:23.207Z  INFO 1 --- [patient-service] [main] o.s.b.w.embedded.tomcat.TomcatWebServer  : Tomcat started on port 8080 (http) with context path '/'
2025-05-26T12:40:23.274Z  INFO 1 --- [patient-service] [main] c.g.p.PatientServiceApplication          : Started PatientServiceApplication in 29.868 seconds (process running for 33.414)
2025-05-26T12:40:35.441Z  INFO 1 --- [patient-service] [http-nio-8080-exec-1] o.a.c.c.C.[Tomcat].[localhost].[/]       : Initializing Spring DispatcherServlet 'dispatcherServlet'
2025-05-26T12:40:35.442Z  INFO 1 --- [patient-service] [http-nio-8080-exec-1] o.s.web.servlet.DispatcherServlet        : Initializing Servlet 'dispatcherServlet'
2025-05-26T12:40:35.445Z  INFO 1 --- [patient-service] [http-nio-8080-exec-1] o.s.web.servlet.DispatcherServlet        : Completed initialization in 2 ms
2025-05-26T12:40:35.595Z  INFO 1 --- [patient-service] [http-nio-8080-exec-1] c.g.p.config.CustomRoleConverter         : [ROLE CONVERTER] Roles extracted for subject fouad.benhadda@example.com: [USER]
2025-05-26T12:40:35.669Z  INFO 1 --- [patient-service] [http-nio-8080-exec-1] c.g.p.controller.PatientController       : [GET] Retrieving paginated active patients (page=0, size=10)
2025-05-26T12:40:35.966Z  INFO 1 --- [patient-service] [http-nio-8080-exec-1] c.g.p.controller.PatientController       : ✅ 24 active patient(s) found
2025-05-26T12:40:36.062Z  WARN 1 --- [patient-service] [http-nio-8080-exec-1] ration$PageModule$WarningLoggingModifier : Serializing PageImpl instances as-is is not supported, meaning that there is no guarantee about the stability of the resulting JSON structure!
	For a stable JSON structure, please use Spring Data's PagedModel (globally via @EnableSpringDataWebSupport(pageSerializationMode = VIA_DTO))
	or Spring HATEOAS and Spring Data's PagedResourcesAssembler as documented in https://docs.spring.io/spring-data/commons/reference/repositories/core-extensions.html#core.web.pageables.

2025-05-26T12:40:58.339Z  INFO 1 --- [patient-service] [SpringApplicationShutdownHook] o.s.b.w.e.tomcat.GracefulShutdown        : Commencing graceful shutdown. Waiting for active requests to complete
2025-05-26T12:40:58.352Z  INFO 1 --- [patient-service] [tomcat-shutdown] o.s.b.w.e.tomcat.GracefulShutdown        : Graceful shutdown complete
2025-05-26T12:40:58.364Z  INFO 1 --- [patient-service] [SpringApplicationShutdownHook] j.LocalContainerEntityManagerFactoryBean : Closing JPA EntityManagerFactory for persistence unit 'default'
2025-05-26T12:40:58.372Z  INFO 1 --- [patient-service] [SpringApplicationShutdownHook] com.zaxxer.hikari.HikariDataSource       : HikariPool-1 - Shutdown initiated...
2025-05-26T12:40:58.390Z  INFO 1 --- [patient-service] [SpringApplicationShutdownHook] com.zaxxer.hikari.HikariDataSource       : HikariPool-1 - Shutdown completed.
2025-05-26T12:41:39.877Z  INFO 1 --- [patient-service] [main] c.g.p.PatientServiceApplication          : No active profile set, falling back to 1 default profile: "default"
2025-05-26T12:41:45.281Z  INFO 1 --- [patient-service] [main] .s.d.r.c.RepositoryConfigurationDelegate : Bootstrapping Spring Data JPA repositories in DEFAULT mode.
2025-05-26T12:41:45.581Z  INFO 1 --- [patient-service] [main] .s.d.r.c.RepositoryConfigurationDelegate : Finished Spring Data repository scanning in 237 ms. Found 1 JPA repository interface.
2025-05-26T12:41:46.777Z  INFO 1 --- [patient-service] [main] o.s.cloud.context.scope.GenericScope     : BeanFactory id=1e110a48-b61b-3819-a602-547459bad085
2025-05-26T12:41:51.415Z  INFO 1 --- [patient-service] [main] o.s.b.w.embedded.tomcat.TomcatWebServer  : Tomcat initialized with port 8080 (http)
2025-05-26T12:41:51.640Z  INFO 1 --- [patient-service] [main] o.apache.catalina.core.StandardService   : Starting service [Tomcat]
2025-05-26T12:41:51.687Z  INFO 1 --- [patient-service] [main] o.apache.catalina.core.StandardEngine    : Starting Servlet engine: [Apache Tomcat/10.1.36]
2025-05-26T12:41:52.082Z  INFO 1 --- [patient-service] [main] o.a.c.c.C.[Tomcat].[localhost].[/]       : Initializing Spring embedded WebApplicationContext
2025-05-26T12:41:52.093Z  INFO 1 --- [patient-service] [main] w.s.c.ServletWebServerApplicationContext : Root WebApplicationContext: initialization completed in 12058 ms
2025-05-26T12:41:55.050Z  INFO 1 --- [patient-service] [main] o.hibernate.jpa.internal.util.LogHelper  : HHH000204: Processing PersistenceUnitInfo [name: default]
2025-05-26T12:41:55.356Z  INFO 1 --- [patient-service] [main] org.hibernate.Version                    : HHH000412: Hibernate ORM core version 6.6.8.Final
2025-05-26T12:41:55.469Z  INFO 1 --- [patient-service] [main] o.h.c.internal.RegionFactoryInitiator    : HHH000026: Second-level cache disabled
2025-05-26T12:41:56.423Z  INFO 1 --- [patient-service] [main] o.s.o.j.p.SpringPersistenceUnitInfo      : No LoadTimeWeaver setup: ignoring JPA class transformer
2025-05-26T12:41:56.521Z  INFO 1 --- [patient-service] [main] com.zaxxer.hikari.HikariDataSource       : HikariPool-1 - Starting...
2025-05-26T12:41:57.480Z  INFO 1 --- [patient-service] [main] com.zaxxer.hikari.pool.HikariPool        : HikariPool-1 - Added connection com.mysql.cj.jdbc.ConnectionImpl@7a053795
2025-05-26T12:41:57.489Z  INFO 1 --- [patient-service] [main] com.zaxxer.hikari.HikariDataSource       : HikariPool-1 - Start completed.
2025-05-26T12:41:57.798Z  WARN 1 --- [patient-service] [main] org.hibernate.orm.deprecation            : HHH90000025: MySQLDialect does not need to be specified explicitly using 'hibernate.dialect' (remove the property setting and it will be selected by default)
2025-05-26T12:41:57.947Z  INFO 1 --- [patient-service] [main] org.hibernate.orm.connections.pooling    : HHH10001005: Database info:
	Database JDBC URL [Connecting through datasource 'HikariDataSource (HikariPool-1)']
	Database driver: undefined/unknown
	Database version: 8.0.36
	Autocommit mode: undefined/unknown
	Isolation level: undefined/unknown
	Minimum pool size: undefined/unknown
	Maximum pool size: undefined/unknown
2025-05-26T12:42:00.753Z  INFO 1 --- [patient-service] [main] o.h.e.t.j.p.i.JtaPlatformInitiator       : HHH000489: No JTA platform available (set 'hibernate.transaction.jta.platform' to enable JTA platform integration)
2025-05-26T12:42:00.845Z  INFO 1 --- [patient-service] [main] j.LocalContainerEntityManagerFactoryBean : Initialized JPA EntityManagerFactory for persistence unit 'default'
2025-05-26T12:42:02.499Z  WARN 1 --- [patient-service] [main] JpaBaseConfiguration$JpaWebConfiguration : spring.jpa.open-in-view is enabled by default. Therefore, database queries may be performed during view rendering. Explicitly configure spring.jpa.open-in-view to disable this warning
2025-05-26T12:42:04.095Z  INFO 1 --- [patient-service] [main] o.s.b.a.e.web.EndpointLinksResolver      : Exposing 2 endpoints beneath base path '/actuator'
2025-05-26T12:42:04.187Z  INFO 1 --- [patient-service] [main] c.g.p.config.SecurityConfig              : [SECURITY] Configuring SecurityFilterChain for Patient Service
2025-05-26T12:42:04.343Z  INFO 1 --- [patient-service] [main] c.g.p.config.SecurityConfig              : [SECURITY] JwtDecoder initialized with HMAC secret
2025-05-26T12:42:05.869Z  INFO 1 --- [patient-service] [main] o.s.b.w.embedded.tomcat.TomcatWebServer  : Tomcat started on port 8080 (http) with context path '/'
2025-05-26T12:42:05.910Z  INFO 1 --- [patient-service] [main] c.g.p.PatientServiceApplication          : Started PatientServiceApplication in 31.731 seconds (process running for 35.14)
2025-05-26T12:49:15.661Z  INFO 1 --- [patient-service] [SpringApplicationShutdownHook] o.s.b.w.e.tomcat.GracefulShutdown        : Commencing graceful shutdown. Waiting for active requests to complete
2025-05-26T12:49:15.732Z  INFO 1 --- [patient-service] [tomcat-shutdown] o.s.b.w.e.tomcat.GracefulShutdown        : Graceful shutdown complete
2025-05-26T12:49:15.821Z  INFO 1 --- [patient-service] [SpringApplicationShutdownHook] j.LocalContainerEntityManagerFactoryBean : Closing JPA EntityManagerFactory for persistence unit 'default'
2025-05-26T12:49:15.877Z  INFO 1 --- [patient-service] [SpringApplicationShutdownHook] com.zaxxer.hikari.HikariDataSource       : HikariPool-1 - Shutdown initiated...
2025-05-26T12:49:16.018Z  INFO 1 --- [patient-service] [SpringApplicationShutdownHook] com.zaxxer.hikari.HikariDataSource       : HikariPool-1 - Shutdown completed.
2025-05-26T12:50:28.238Z  INFO 1 --- [patient-service] [main] c.g.p.PatientServiceApplication          : No active profile set, falling back to 1 default profile: "default"
2025-05-26T12:50:34.700Z  INFO 1 --- [patient-service] [main] .s.d.r.c.RepositoryConfigurationDelegate : Bootstrapping Spring Data JPA repositories in DEFAULT mode.
2025-05-26T12:50:34.964Z  INFO 1 --- [patient-service] [main] .s.d.r.c.RepositoryConfigurationDelegate : Finished Spring Data repository scanning in 210 ms. Found 1 JPA repository interface.
2025-05-26T12:50:36.414Z  INFO 1 --- [patient-service] [main] o.s.cloud.context.scope.GenericScope     : BeanFactory id=1e110a48-b61b-3819-a602-547459bad085
2025-05-26T12:50:44.993Z  INFO 1 --- [patient-service] [main] o.s.b.w.embedded.tomcat.TomcatWebServer  : Tomcat initialized with port 8080 (http)
2025-05-26T12:50:45.073Z  INFO 1 --- [patient-service] [main] o.apache.catalina.core.StandardService   : Starting service [Tomcat]
2025-05-26T12:50:45.083Z  INFO 1 --- [patient-service] [main] o.apache.catalina.core.StandardEngine    : Starting Servlet engine: [Apache Tomcat/10.1.36]
2025-05-26T12:50:45.272Z  INFO 1 --- [patient-service] [main] o.a.c.c.C.[Tomcat].[localhost].[/]       : Initializing Spring embedded WebApplicationContext
2025-05-26T12:50:45.275Z  INFO 1 --- [patient-service] [main] w.s.c.ServletWebServerApplicationContext : Root WebApplicationContext: initialization completed in 16808 ms
2025-05-26T12:50:48.062Z  INFO 1 --- [patient-service] [main] o.hibernate.jpa.internal.util.LogHelper  : HHH000204: Processing PersistenceUnitInfo [name: default]
2025-05-26T12:50:48.318Z  INFO 1 --- [patient-service] [main] org.hibernate.Version                    : HHH000412: Hibernate ORM core version 6.6.8.Final
2025-05-26T12:50:48.441Z  INFO 1 --- [patient-service] [main] o.h.c.internal.RegionFactoryInitiator    : HHH000026: Second-level cache disabled
2025-05-26T12:50:49.196Z  INFO 1 --- [patient-service] [main] o.s.o.j.p.SpringPersistenceUnitInfo      : No LoadTimeWeaver setup: ignoring JPA class transformer
2025-05-26T12:50:49.270Z  INFO 1 --- [patient-service] [main] com.zaxxer.hikari.HikariDataSource       : HikariPool-1 - Starting...
2025-05-26T12:50:50.233Z  INFO 1 --- [patient-service] [main] com.zaxxer.hikari.pool.HikariPool        : HikariPool-1 - Added connection com.mysql.cj.jdbc.ConnectionImpl@328bc067
2025-05-26T12:50:50.243Z  INFO 1 --- [patient-service] [main] com.zaxxer.hikari.HikariDataSource       : HikariPool-1 - Start completed.
2025-05-26T12:50:50.434Z  WARN 1 --- [patient-service] [main] org.hibernate.orm.deprecation            : HHH90000025: MySQLDialect does not need to be specified explicitly using 'hibernate.dialect' (remove the property setting and it will be selected by default)
2025-05-26T12:50:50.499Z  INFO 1 --- [patient-service] [main] org.hibernate.orm.connections.pooling    : HHH10001005: Database info:
	Database JDBC URL [Connecting through datasource 'HikariDataSource (HikariPool-1)']
	Database driver: undefined/unknown
	Database version: 8.0.36
	Autocommit mode: undefined/unknown
	Isolation level: undefined/unknown
	Minimum pool size: undefined/unknown
	Maximum pool size: undefined/unknown
2025-05-26T12:50:52.594Z  INFO 1 --- [patient-service] [main] o.h.e.t.j.p.i.JtaPlatformInitiator       : HHH000489: No JTA platform available (set 'hibernate.transaction.jta.platform' to enable JTA platform integration)
2025-05-26T12:50:52.672Z  INFO 1 --- [patient-service] [main] j.LocalContainerEntityManagerFactoryBean : Initialized JPA EntityManagerFactory for persistence unit 'default'
2025-05-26T12:50:54.151Z  WARN 1 --- [patient-service] [main] JpaBaseConfiguration$JpaWebConfiguration : spring.jpa.open-in-view is enabled by default. Therefore, database queries may be performed during view rendering. Explicitly configure spring.jpa.open-in-view to disable this warning
2025-05-26T12:50:55.744Z  INFO 1 --- [patient-service] [main] o.s.b.a.e.web.EndpointLinksResolver      : Exposing 2 endpoints beneath base path '/actuator'
2025-05-26T12:50:55.820Z  INFO 1 --- [patient-service] [main] c.g.p.config.SecurityConfig              : [SECURITY] Configuring SecurityFilterChain for Patient Service
2025-05-26T12:50:55.956Z  INFO 1 --- [patient-service] [main] c.g.p.config.SecurityConfig              : [SECURITY] JwtDecoder initialized with HMAC secret
2025-05-26T12:50:57.154Z  INFO 1 --- [patient-service] [main] o.s.b.w.embedded.tomcat.TomcatWebServer  : Tomcat started on port 8080 (http) with context path '/'
2025-05-26T12:50:57.199Z  INFO 1 --- [patient-service] [main] c.g.p.PatientServiceApplication          : Started PatientServiceApplication in 37.012 seconds (process running for 41.06)
2025-05-26T13:04:25.448Z  INFO 1 --- [patient-service] [SpringApplicationShutdownHook] o.s.b.w.e.tomcat.GracefulShutdown        : Commencing graceful shutdown. Waiting for active requests to complete
2025-05-26T13:04:25.498Z  INFO 1 --- [patient-service] [tomcat-shutdown] o.s.b.w.e.tomcat.GracefulShutdown        : Graceful shutdown complete
2025-05-26T13:04:25.579Z  INFO 1 --- [patient-service] [SpringApplicationShutdownHook] j.LocalContainerEntityManagerFactoryBean : Closing JPA EntityManagerFactory for persistence unit 'default'
2025-05-26T13:04:25.624Z  INFO 1 --- [patient-service] [SpringApplicationShutdownHook] com.zaxxer.hikari.HikariDataSource       : HikariPool-1 - Shutdown initiated...
2025-05-26T13:04:25.722Z  INFO 1 --- [patient-service] [SpringApplicationShutdownHook] com.zaxxer.hikari.HikariDataSource       : HikariPool-1 - Shutdown completed.
2025-05-26T13:05:37.929Z  INFO 1 --- [patient-service] [main] c.g.p.PatientServiceApplication          : No active profile set, falling back to 1 default profile: "default"
2025-05-26T13:05:44.889Z  INFO 1 --- [patient-service] [main] .s.d.r.c.RepositoryConfigurationDelegate : Bootstrapping Spring Data JPA repositories in DEFAULT mode.
2025-05-26T13:05:45.244Z  INFO 1 --- [patient-service] [main] .s.d.r.c.RepositoryConfigurationDelegate : Finished Spring Data repository scanning in 281 ms. Found 1 JPA repository interface.
2025-05-26T13:05:47.696Z  INFO 1 --- [patient-service] [main] o.s.cloud.context.scope.GenericScope     : BeanFactory id=1e110a48-b61b-3819-a602-547459bad085
2025-05-26T13:05:55.057Z  INFO 1 --- [patient-service] [main] o.s.b.w.embedded.tomcat.TomcatWebServer  : Tomcat initialized with port 8080 (http)
2025-05-26T13:05:55.432Z  INFO 1 --- [patient-service] [main] o.apache.catalina.core.StandardService   : Starting service [Tomcat]
2025-05-26T13:05:55.453Z  INFO 1 --- [patient-service] [main] o.apache.catalina.core.StandardEngine    : Starting Servlet engine: [Apache Tomcat/10.1.36]
2025-05-26T13:05:55.661Z  INFO 1 --- [patient-service] [main] o.a.c.c.C.[Tomcat].[localhost].[/]       : Initializing Spring embedded WebApplicationContext
2025-05-26T13:05:55.671Z  INFO 1 --- [patient-service] [main] w.s.c.ServletWebServerApplicationContext : Root WebApplicationContext: initialization completed in 17483 ms
2025-05-26T13:05:58.701Z  INFO 1 --- [patient-service] [main] o.hibernate.jpa.internal.util.LogHelper  : HHH000204: Processing PersistenceUnitInfo [name: default]
2025-05-26T13:05:59.096Z  INFO 1 --- [patient-service] [main] org.hibernate.Version                    : HHH000412: Hibernate ORM core version 6.6.8.Final
2025-05-26T13:05:59.227Z  INFO 1 --- [patient-service] [main] o.h.c.internal.RegionFactoryInitiator    : HHH000026: Second-level cache disabled
2025-05-26T13:06:00.561Z  INFO 1 --- [patient-service] [main] o.s.o.j.p.SpringPersistenceUnitInfo      : No LoadTimeWeaver setup: ignoring JPA class transformer
2025-05-26T13:06:00.662Z  INFO 1 --- [patient-service] [main] com.zaxxer.hikari.HikariDataSource       : HikariPool-1 - Starting...
2025-05-26T13:06:01.837Z  INFO 1 --- [patient-service] [main] com.zaxxer.hikari.pool.HikariPool        : HikariPool-1 - Added connection com.mysql.cj.jdbc.ConnectionImpl@337fb1a5
2025-05-26T13:06:01.844Z  INFO 1 --- [patient-service] [main] com.zaxxer.hikari.HikariDataSource       : HikariPool-1 - Start completed.
2025-05-26T13:06:01.998Z  WARN 1 --- [patient-service] [main] org.hibernate.orm.deprecation            : HHH90000025: MySQLDialect does not need to be specified explicitly using 'hibernate.dialect' (remove the property setting and it will be selected by default)
2025-05-26T13:06:02.042Z  INFO 1 --- [patient-service] [main] org.hibernate.orm.connections.pooling    : HHH10001005: Database info:
	Database JDBC URL [Connecting through datasource 'HikariDataSource (HikariPool-1)']
	Database driver: undefined/unknown
	Database version: 8.0.36
	Autocommit mode: undefined/unknown
	Isolation level: undefined/unknown
	Minimum pool size: undefined/unknown
	Maximum pool size: undefined/unknown
2025-05-26T13:06:03.744Z  INFO 1 --- [patient-service] [main] o.h.e.t.j.p.i.JtaPlatformInitiator       : HHH000489: No JTA platform available (set 'hibernate.transaction.jta.platform' to enable JTA platform integration)
2025-05-26T13:06:03.805Z  INFO 1 --- [patient-service] [main] j.LocalContainerEntityManagerFactoryBean : Initialized JPA EntityManagerFactory for persistence unit 'default'
2025-05-26T13:06:04.845Z  WARN 1 --- [patient-service] [main] JpaBaseConfiguration$JpaWebConfiguration : spring.jpa.open-in-view is enabled by default. Therefore, database queries may be performed during view rendering. Explicitly configure spring.jpa.open-in-view to disable this warning
2025-05-26T13:06:06.164Z  INFO 1 --- [patient-service] [main] o.s.b.a.e.web.EndpointLinksResolver      : Exposing 2 endpoints beneath base path '/actuator'
2025-05-26T13:06:06.231Z  INFO 1 --- [patient-service] [main] c.g.p.config.SecurityConfig              : [SECURITY] Configuring SecurityFilterChain for Patient Service
2025-05-26T13:06:06.348Z  INFO 1 --- [patient-service] [main] c.g.p.config.SecurityConfig              : [SECURITY] JwtDecoder initialized with HMAC secret
2025-05-26T13:06:07.581Z  INFO 1 --- [patient-service] [main] o.s.b.w.embedded.tomcat.TomcatWebServer  : Tomcat started on port 8080 (http) with context path '/'
2025-05-26T13:06:07.619Z  INFO 1 --- [patient-service] [main] c.g.p.PatientServiceApplication          : Started PatientServiceApplication in 39.277 seconds (process running for 42.895)
2025-05-26T13:07:40.366Z  INFO 1 --- [patient-service] [http-nio-8080-exec-1] o.a.c.c.C.[Tomcat].[localhost].[/]       : Initializing Spring DispatcherServlet 'dispatcherServlet'
2025-05-26T13:07:40.368Z  INFO 1 --- [patient-service] [http-nio-8080-exec-1] o.s.web.servlet.DispatcherServlet        : Initializing Servlet 'dispatcherServlet'
2025-05-26T13:07:40.378Z  INFO 1 --- [patient-service] [http-nio-8080-exec-1] o.s.web.servlet.DispatcherServlet        : Completed initialization in 9 ms
2025-05-26T13:07:40.563Z  INFO 1 --- [patient-service] [http-nio-8080-exec-1] c.g.p.config.CustomRoleConverter         : [ROLE CONVERTER] Roles extracted for subject caroline.moreau@example.com: [ADMIN]
2025-05-26T13:07:40.640Z  INFO 1 --- [patient-service] [http-nio-8080-exec-1] c.g.p.controller.PatientController       : [GET] Retrieving paginated list of all patients (page=0, size=10)
2025-05-26T13:07:40.958Z  INFO 1 --- [patient-service] [http-nio-8080-exec-1] c.g.p.controller.PatientController       : ✅ 24 patient(s) found
2025-05-26T13:07:41.046Z  WARN 1 --- [patient-service] [http-nio-8080-exec-1] ration$PageModule$WarningLoggingModifier : Serializing PageImpl instances as-is is not supported, meaning that there is no guarantee about the stability of the resulting JSON structure!
	For a stable JSON structure, please use Spring Data's PagedModel (globally via @EnableSpringDataWebSupport(pageSerializationMode = VIA_DTO))
	or Spring HATEOAS and Spring Data's PagedResourcesAssembler as documented in https://docs.spring.io/spring-data/commons/reference/repositories/core-extensions.html#core.web.pageables.

2025-05-26T13:24:52.560Z  INFO 1 --- [patient-service] [SpringApplicationShutdownHook] o.s.b.w.e.tomcat.GracefulShutdown        : Commencing graceful shutdown. Waiting for active requests to complete
2025-05-26T13:24:52.612Z  INFO 1 --- [patient-service] [tomcat-shutdown] o.s.b.w.e.tomcat.GracefulShutdown        : Graceful shutdown complete
2025-05-26T13:24:52.688Z  INFO 1 --- [patient-service] [SpringApplicationShutdownHook] j.LocalContainerEntityManagerFactoryBean : Closing JPA EntityManagerFactory for persistence unit 'default'
2025-05-26T13:24:52.719Z  INFO 1 --- [patient-service] [SpringApplicationShutdownHook] com.zaxxer.hikari.HikariDataSource       : HikariPool-1 - Shutdown initiated...
2025-05-26T13:24:52.790Z  INFO 1 --- [patient-service] [SpringApplicationShutdownHook] com.zaxxer.hikari.HikariDataSource       : HikariPool-1 - Shutdown completed.
2025-05-26T13:30:07.661Z  INFO 1 --- [patient-service] [main] c.g.p.PatientServiceApplication          : No active profile set, falling back to 1 default profile: "default"
2025-05-26T13:30:13.262Z  INFO 1 --- [patient-service] [main] .s.d.r.c.RepositoryConfigurationDelegate : Bootstrapping Spring Data JPA repositories in DEFAULT mode.
2025-05-26T13:30:13.443Z  INFO 1 --- [patient-service] [main] .s.d.r.c.RepositoryConfigurationDelegate : Finished Spring Data repository scanning in 148 ms. Found 1 JPA repository interface.
2025-05-26T13:30:14.467Z  INFO 1 --- [patient-service] [main] o.s.cloud.context.scope.GenericScope     : BeanFactory id=1e110a48-b61b-3819-a602-547459bad085
2025-05-26T13:30:22.533Z  INFO 1 --- [patient-service] [main] o.s.b.w.embedded.tomcat.TomcatWebServer  : Tomcat initialized with port 8080 (http)
2025-05-26T13:30:22.661Z  INFO 1 --- [patient-service] [main] o.apache.catalina.core.StandardService   : Starting service [Tomcat]
2025-05-26T13:30:22.664Z  INFO 1 --- [patient-service] [main] o.apache.catalina.core.StandardEngine    : Starting Servlet engine: [Apache Tomcat/10.1.36]
2025-05-26T13:30:23.045Z  INFO 1 --- [patient-service] [main] o.a.c.c.C.[Tomcat].[localhost].[/]       : Initializing Spring embedded WebApplicationContext
2025-05-26T13:30:23.050Z  INFO 1 --- [patient-service] [main] w.s.c.ServletWebServerApplicationContext : Root WebApplicationContext: initialization completed in 15284 ms
2025-05-26T13:30:27.096Z  INFO 1 --- [patient-service] [main] o.hibernate.jpa.internal.util.LogHelper  : HHH000204: Processing PersistenceUnitInfo [name: default]
2025-05-26T13:30:27.965Z  INFO 1 --- [patient-service] [main] org.hibernate.Version                    : HHH000412: Hibernate ORM core version 6.6.8.Final
2025-05-26T13:30:28.278Z  INFO 1 --- [patient-service] [main] o.h.c.internal.RegionFactoryInitiator    : HHH000026: Second-level cache disabled
2025-05-26T13:30:29.428Z  INFO 1 --- [patient-service] [main] o.s.o.j.p.SpringPersistenceUnitInfo      : No LoadTimeWeaver setup: ignoring JPA class transformer
2025-05-26T13:30:29.503Z  INFO 1 --- [patient-service] [main] com.zaxxer.hikari.HikariDataSource       : HikariPool-1 - Starting...
2025-05-26T13:30:31.000Z  INFO 1 --- [patient-service] [main] com.zaxxer.hikari.pool.HikariPool        : HikariPool-1 - Added connection com.mysql.cj.jdbc.ConnectionImpl@7a053795
2025-05-26T13:30:31.013Z  INFO 1 --- [patient-service] [main] com.zaxxer.hikari.HikariDataSource       : HikariPool-1 - Start completed.
2025-05-26T13:30:31.321Z  WARN 1 --- [patient-service] [main] org.hibernate.orm.deprecation            : HHH90000025: MySQLDialect does not need to be specified explicitly using 'hibernate.dialect' (remove the property setting and it will be selected by default)
2025-05-26T13:30:31.409Z  INFO 1 --- [patient-service] [main] org.hibernate.orm.connections.pooling    : HHH10001005: Database info:
	Database JDBC URL [Connecting through datasource 'HikariDataSource (HikariPool-1)']
	Database driver: undefined/unknown
	Database version: 8.0.36
	Autocommit mode: undefined/unknown
	Isolation level: undefined/unknown
	Minimum pool size: undefined/unknown
	Maximum pool size: undefined/unknown
2025-05-26T13:30:34.172Z  INFO 1 --- [patient-service] [main] o.h.e.t.j.p.i.JtaPlatformInitiator       : HHH000489: No JTA platform available (set 'hibernate.transaction.jta.platform' to enable JTA platform integration)
2025-05-26T13:30:34.255Z  INFO 1 --- [patient-service] [main] j.LocalContainerEntityManagerFactoryBean : Initialized JPA EntityManagerFactory for persistence unit 'default'
2025-05-26T13:30:35.887Z  WARN 1 --- [patient-service] [main] JpaBaseConfiguration$JpaWebConfiguration : spring.jpa.open-in-view is enabled by default. Therefore, database queries may be performed during view rendering. Explicitly configure spring.jpa.open-in-view to disable this warning
2025-05-26T13:30:38.064Z  INFO 1 --- [patient-service] [main] o.s.b.a.e.web.EndpointLinksResolver      : Exposing 2 endpoints beneath base path '/actuator'
2025-05-26T13:30:38.221Z  INFO 1 --- [patient-service] [main] c.g.p.config.SecurityConfig              : [SECURITY] Configuring SecurityFilterChain for Patient Service
2025-05-26T13:30:38.406Z  INFO 1 --- [patient-service] [main] c.g.p.config.SecurityConfig              : [SECURITY] JwtDecoder initialized with HMAC secret
2025-05-26T13:30:39.884Z  INFO 1 --- [patient-service] [main] o.s.b.w.embedded.tomcat.TomcatWebServer  : Tomcat started on port 8080 (http) with context path '/'
2025-05-26T13:30:39.932Z  INFO 1 --- [patient-service] [main] c.g.p.PatientServiceApplication          : Started PatientServiceApplication in 39.978 seconds (process running for 44.151)
2025-05-26T13:34:44.826Z  INFO 1 --- [patient-service] [SpringApplicationShutdownHook] o.s.b.w.e.tomcat.GracefulShutdown        : Commencing graceful shutdown. Waiting for active requests to complete
2025-05-26T13:34:44.901Z  INFO 1 --- [patient-service] [tomcat-shutdown] o.s.b.w.e.tomcat.GracefulShutdown        : Graceful shutdown complete
2025-05-26T13:34:44.999Z  INFO 1 --- [patient-service] [SpringApplicationShutdownHook] j.LocalContainerEntityManagerFactoryBean : Closing JPA EntityManagerFactory for persistence unit 'default'
2025-05-26T13:34:45.061Z  INFO 1 --- [patient-service] [SpringApplicationShutdownHook] com.zaxxer.hikari.HikariDataSource       : HikariPool-1 - Shutdown initiated...
2025-05-26T13:34:45.198Z  INFO 1 --- [patient-service] [SpringApplicationShutdownHook] com.zaxxer.hikari.HikariDataSource       : HikariPool-1 - Shutdown completed.
2025-05-26T13:36:17.520Z  INFO 1 --- [patient-service] [main] c.g.p.PatientServiceApplication          : No active profile set, falling back to 1 default profile: "default"
2025-05-26T13:36:22.299Z  INFO 1 --- [patient-service] [main] .s.d.r.c.RepositoryConfigurationDelegate : Bootstrapping Spring Data JPA repositories in DEFAULT mode.
2025-05-26T13:36:22.561Z  INFO 1 --- [patient-service] [main] .s.d.r.c.RepositoryConfigurationDelegate : Finished Spring Data repository scanning in 165 ms. Found 1 JPA repository interface.
2025-05-26T13:36:23.677Z  INFO 1 --- [patient-service] [main] o.s.cloud.context.scope.GenericScope     : BeanFactory id=1e110a48-b61b-3819-a602-547459bad085
2025-05-26T13:36:28.336Z  INFO 1 --- [patient-service] [main] o.s.b.w.embedded.tomcat.TomcatWebServer  : Tomcat initialized with port 8080 (http)
2025-05-26T13:36:28.471Z  INFO 1 --- [patient-service] [main] o.apache.catalina.core.StandardService   : Starting service [Tomcat]
2025-05-26T13:36:28.481Z  INFO 1 --- [patient-service] [main] o.apache.catalina.core.StandardEngine    : Starting Servlet engine: [Apache Tomcat/10.1.36]
2025-05-26T13:36:28.642Z  INFO 1 --- [patient-service] [main] o.a.c.c.C.[Tomcat].[localhost].[/]       : Initializing Spring embedded WebApplicationContext
2025-05-26T13:36:28.651Z  INFO 1 --- [patient-service] [main] w.s.c.ServletWebServerApplicationContext : Root WebApplicationContext: initialization completed in 11036 ms
2025-05-26T13:36:31.002Z  INFO 1 --- [patient-service] [main] o.hibernate.jpa.internal.util.LogHelper  : HHH000204: Processing PersistenceUnitInfo [name: default]
2025-05-26T13:36:31.335Z  INFO 1 --- [patient-service] [main] org.hibernate.Version                    : HHH000412: Hibernate ORM core version 6.6.8.Final
2025-05-26T13:36:31.551Z  INFO 1 --- [patient-service] [main] o.h.c.internal.RegionFactoryInitiator    : HHH000026: Second-level cache disabled
2025-05-26T13:36:32.837Z  INFO 1 --- [patient-service] [main] o.s.o.j.p.SpringPersistenceUnitInfo      : No LoadTimeWeaver setup: ignoring JPA class transformer
2025-05-26T13:36:32.956Z  INFO 1 --- [patient-service] [main] com.zaxxer.hikari.HikariDataSource       : HikariPool-1 - Starting...
2025-05-26T13:36:34.021Z  INFO 1 --- [patient-service] [main] com.zaxxer.hikari.pool.HikariPool        : HikariPool-1 - Added connection com.mysql.cj.jdbc.ConnectionImpl@73eae5f
2025-05-26T13:36:34.027Z  INFO 1 --- [patient-service] [main] com.zaxxer.hikari.HikariDataSource       : HikariPool-1 - Start completed.
2025-05-26T13:36:34.205Z  WARN 1 --- [patient-service] [main] org.hibernate.orm.deprecation            : HHH90000025: MySQLDialect does not need to be specified explicitly using 'hibernate.dialect' (remove the property setting and it will be selected by default)
2025-05-26T13:36:34.273Z  INFO 1 --- [patient-service] [main] org.hibernate.orm.connections.pooling    : HHH10001005: Database info:
	Database JDBC URL [Connecting through datasource 'HikariDataSource (HikariPool-1)']
	Database driver: undefined/unknown
	Database version: 8.0.36
	Autocommit mode: undefined/unknown
	Isolation level: undefined/unknown
	Minimum pool size: undefined/unknown
	Maximum pool size: undefined/unknown
2025-05-26T13:36:36.835Z  INFO 1 --- [patient-service] [main] o.h.e.t.j.p.i.JtaPlatformInitiator       : HHH000489: No JTA platform available (set 'hibernate.transaction.jta.platform' to enable JTA platform integration)
2025-05-26T13:36:36.939Z  INFO 1 --- [patient-service] [main] j.LocalContainerEntityManagerFactoryBean : Initialized JPA EntityManagerFactory for persistence unit 'default'
2025-05-26T13:36:38.394Z  WARN 1 --- [patient-service] [main] JpaBaseConfiguration$JpaWebConfiguration : spring.jpa.open-in-view is enabled by default. Therefore, database queries may be performed during view rendering. Explicitly configure spring.jpa.open-in-view to disable this warning
2025-05-26T13:36:39.992Z  INFO 1 --- [patient-service] [main] o.s.b.a.e.web.EndpointLinksResolver      : Exposing 2 endpoints beneath base path '/actuator'
2025-05-26T13:36:40.070Z  INFO 1 --- [patient-service] [main] c.g.p.config.SecurityConfig              : [SECURITY] Configuring SecurityFilterChain for Patient Service
2025-05-26T13:36:40.219Z  INFO 1 --- [patient-service] [main] c.g.p.config.SecurityConfig              : [SECURITY] JwtDecoder initialized with HMAC secret
2025-05-26T13:36:41.533Z  INFO 1 --- [patient-service] [main] o.s.b.w.embedded.tomcat.TomcatWebServer  : Tomcat started on port 8080 (http) with context path '/'
2025-05-26T13:36:41.587Z  INFO 1 --- [patient-service] [main] c.g.p.PatientServiceApplication          : Started PatientServiceApplication in 31.707 seconds (process running for 35.417)
2025-05-26T13:39:28.443Z  INFO 1 --- [patient-service] [SpringApplicationShutdownHook] o.s.b.w.e.tomcat.GracefulShutdown        : Commencing graceful shutdown. Waiting for active requests to complete
2025-05-26T13:39:28.500Z  INFO 1 --- [patient-service] [tomcat-shutdown] o.s.b.w.e.tomcat.GracefulShutdown        : Graceful shutdown complete
2025-05-26T13:39:28.563Z  INFO 1 --- [patient-service] [SpringApplicationShutdownHook] j.LocalContainerEntityManagerFactoryBean : Closing JPA EntityManagerFactory for persistence unit 'default'
2025-05-26T13:39:28.607Z  INFO 1 --- [patient-service] [SpringApplicationShutdownHook] com.zaxxer.hikari.HikariDataSource       : HikariPool-1 - Shutdown initiated...
2025-05-26T13:39:28.694Z  INFO 1 --- [patient-service] [SpringApplicationShutdownHook] com.zaxxer.hikari.HikariDataSource       : HikariPool-1 - Shutdown completed.
2025-05-26T13:40:19.839Z  INFO 1 --- [patient-service] [main] c.g.p.PatientServiceApplication          : No active profile set, falling back to 1 default profile: "default"
2025-05-26T13:40:25.462Z  INFO 1 --- [patient-service] [main] .s.d.r.c.RepositoryConfigurationDelegate : Bootstrapping Spring Data JPA repositories in DEFAULT mode.
2025-05-26T13:40:25.840Z  INFO 1 --- [patient-service] [main] .s.d.r.c.RepositoryConfigurationDelegate : Finished Spring Data repository scanning in 317 ms. Found 1 JPA repository interface.
2025-05-26T13:40:27.056Z  INFO 1 --- [patient-service] [main] o.s.cloud.context.scope.GenericScope     : BeanFactory id=1e110a48-b61b-3819-a602-547459bad085
2025-05-26T13:40:34.920Z  INFO 1 --- [patient-service] [main] o.s.b.w.embedded.tomcat.TomcatWebServer  : Tomcat initialized with port 8080 (http)
2025-05-26T13:40:35.142Z  INFO 1 --- [patient-service] [main] o.apache.catalina.core.StandardService   : Starting service [Tomcat]
2025-05-26T13:40:35.163Z  INFO 1 --- [patient-service] [main] o.apache.catalina.core.StandardEngine    : Starting Servlet engine: [Apache Tomcat/10.1.36]
2025-05-26T13:40:35.616Z  INFO 1 --- [patient-service] [main] o.a.c.c.C.[Tomcat].[localhost].[/]       : Initializing Spring embedded WebApplicationContext
2025-05-26T13:40:35.628Z  INFO 1 --- [patient-service] [main] w.s.c.ServletWebServerApplicationContext : Root WebApplicationContext: initialization completed in 15597 ms
2025-05-26T13:40:39.471Z  INFO 1 --- [patient-service] [main] o.hibernate.jpa.internal.util.LogHelper  : HHH000204: Processing PersistenceUnitInfo [name: default]
2025-05-26T13:40:39.759Z  INFO 1 --- [patient-service] [main] org.hibernate.Version                    : HHH000412: Hibernate ORM core version 6.6.8.Final
2025-05-26T13:40:39.925Z  INFO 1 --- [patient-service] [main] o.h.c.internal.RegionFactoryInitiator    : HHH000026: Second-level cache disabled
2025-05-26T13:40:41.325Z  INFO 1 --- [patient-service] [main] o.s.o.j.p.SpringPersistenceUnitInfo      : No LoadTimeWeaver setup: ignoring JPA class transformer
2025-05-26T13:40:41.421Z  INFO 1 --- [patient-service] [main] com.zaxxer.hikari.HikariDataSource       : HikariPool-1 - Starting...
2025-05-26T13:40:42.755Z  WARN 1 --- [patient-service] [main] o.h.engine.jdbc.spi.SqlExceptionHelper   : SQL Error: 0, SQLState: 08S01
2025-05-26T13:40:42.756Z ERROR 1 --- [patient-service] [main] o.h.engine.jdbc.spi.SqlExceptionHelper   : Communications link failure

The last packet sent successfully to the server was 0 milliseconds ago. The driver has not received any packets from the server.
2025-05-26T13:40:42.760Z  WARN 1 --- [patient-service] [main] o.h.e.j.e.i.JdbcEnvironmentInitiator     : HHH000342: Could not obtain connection to query metadata

org.hibernate.exception.JDBCConnectionException: unable to obtain isolated JDBC connection [Communications link failure

The last packet sent successfully to the server was 0 milliseconds ago. The driver has not received any packets from the server.] [n/a]
	at org.hibernate.exception.internal.SQLStateConversionDelegate.convert(SQLStateConversionDelegate.java:100) ~[hibernate-core-6.6.8.Final.jar!/:6.6.8.Final]
	at org.hibernate.exception.internal.StandardSQLExceptionConverter.convert(StandardSQLExceptionConverter.java:58) ~[hibernate-core-6.6.8.Final.jar!/:6.6.8.Final]
	at org.hibernate.engine.jdbc.spi.SqlExceptionHelper.convert(SqlExceptionHelper.java:108) ~[hibernate-core-6.6.8.Final.jar!/:6.6.8.Final]
	at org.hibernate.engine.jdbc.spi.SqlExceptionHelper.convert(SqlExceptionHelper.java:94) ~[hibernate-core-6.6.8.Final.jar!/:6.6.8.Final]
	at org.hibernate.resource.transaction.backend.jdbc.internal.JdbcIsolationDelegate.delegateWork(JdbcIsolationDelegate.java:116) ~[hibernate-core-6.6.8.Final.jar!/:6.6.8.Final]
	at org.hibernate.engine.jdbc.env.internal.JdbcEnvironmentInitiator.getJdbcEnvironmentUsingJdbcMetadata(JdbcEnvironmentInitiator.java:320) ~[hibernate-core-6.6.8.Final.jar!/:6.6.8.Final]
	at org.hibernate.engine.jdbc.env.internal.JdbcEnvironmentInitiator.initiateService(JdbcEnvironmentInitiator.java:129) ~[hibernate-core-6.6.8.Final.jar!/:6.6.8.Final]
	at org.hibernate.engine.jdbc.env.internal.JdbcEnvironmentInitiator.initiateService(JdbcEnvironmentInitiator.java:81) ~[hibernate-core-6.6.8.Final.jar!/:6.6.8.Final]
	at org.hibernate.boot.registry.internal.StandardServiceRegistryImpl.initiateService(StandardServiceRegistryImpl.java:130) ~[hibernate-core-6.6.8.Final.jar!/:6.6.8.Final]
	at org.hibernate.service.internal.AbstractServiceRegistryImpl.createService(AbstractServiceRegistryImpl.java:263) ~[hibernate-core-6.6.8.Final.jar!/:6.6.8.Final]
	at org.hibernate.service.internal.AbstractServiceRegistryImpl.initializeService(AbstractServiceRegistryImpl.java:238) ~[hibernate-core-6.6.8.Final.jar!/:6.6.8.Final]
	at org.hibernate.service.internal.AbstractServiceRegistryImpl.getService(AbstractServiceRegistryImpl.java:215) ~[hibernate-core-6.6.8.Final.jar!/:6.6.8.Final]
	at org.hibernate.boot.model.relational.Database.<init>(Database.java:45) ~[hibernate-core-6.6.8.Final.jar!/:6.6.8.Final]
	at org.hibernate.boot.internal.InFlightMetadataCollectorImpl.getDatabase(InFlightMetadataCollectorImpl.java:226) ~[hibernate-core-6.6.8.Final.jar!/:6.6.8.Final]
	at org.hibernate.boot.internal.InFlightMetadataCollectorImpl.<init>(InFlightMetadataCollectorImpl.java:194) ~[hibernate-core-6.6.8.Final.jar!/:6.6.8.Final]
	at org.hibernate.boot.model.process.spi.MetadataBuildingProcess.complete(MetadataBuildingProcess.java:171) ~[hibernate-core-6.6.8.Final.jar!/:6.6.8.Final]
	at org.hibernate.jpa.boot.internal.EntityManagerFactoryBuilderImpl.metadata(EntityManagerFactoryBuilderImpl.java:1442) ~[hibernate-core-6.6.8.Final.jar!/:6.6.8.Final]
	at org.hibernate.jpa.boot.internal.EntityManagerFactoryBuilderImpl.build(EntityManagerFactoryBuilderImpl.java:1513) ~[hibernate-core-6.6.8.Final.jar!/:6.6.8.Final]
	at org.springframework.orm.jpa.vendor.SpringHibernateJpaPersistenceProvider.createContainerEntityManagerFactory(SpringHibernateJpaPersistenceProvider.java:66) ~[spring-orm-6.2.3.jar!/:6.2.3]
	at org.springframework.orm.jpa.LocalContainerEntityManagerFactoryBean.createNativeEntityManagerFactory(LocalContainerEntityManagerFactoryBean.java:390) ~[spring-orm-6.2.3.jar!/:6.2.3]
	at org.springframework.orm.jpa.AbstractEntityManagerFactoryBean.buildNativeEntityManagerFactory(AbstractEntityManagerFactoryBean.java:419) ~[spring-orm-6.2.3.jar!/:6.2.3]
	at org.springframework.orm.jpa.AbstractEntityManagerFactoryBean.afterPropertiesSet(AbstractEntityManagerFactoryBean.java:400) ~[spring-orm-6.2.3.jar!/:6.2.3]
	at org.springframework.orm.jpa.LocalContainerEntityManagerFactoryBean.afterPropertiesSet(LocalContainerEntityManagerFactoryBean.java:366) ~[spring-orm-6.2.3.jar!/:6.2.3]
	at org.springframework.beans.factory.support.AbstractAutowireCapableBeanFactory.invokeInitMethods(AbstractAutowireCapableBeanFactory.java:1859) ~[spring-beans-6.2.3.jar!/:6.2.3]
	at org.springframework.beans.factory.support.AbstractAutowireCapableBeanFactory.initializeBean(AbstractAutowireCapableBeanFactory.java:1808) ~[spring-beans-6.2.3.jar!/:6.2.3]
	at org.springframework.beans.factory.support.AbstractAutowireCapableBeanFactory.doCreateBean(AbstractAutowireCapableBeanFactory.java:601) ~[spring-beans-6.2.3.jar!/:6.2.3]
	at org.springframework.beans.factory.support.AbstractAutowireCapableBeanFactory.createBean(AbstractAutowireCapableBeanFactory.java:523) ~[spring-beans-6.2.3.jar!/:6.2.3]
	at org.springframework.beans.factory.support.AbstractBeanFactory.lambda$doGetBean$0(AbstractBeanFactory.java:339) ~[spring-beans-6.2.3.jar!/:6.2.3]
	at org.springframework.beans.factory.support.DefaultSingletonBeanRegistry.getSingleton(DefaultSingletonBeanRegistry.java:346) ~[spring-beans-6.2.3.jar!/:6.2.3]
	at org.springframework.beans.factory.support.AbstractBeanFactory.doGetBean(AbstractBeanFactory.java:337) ~[spring-beans-6.2.3.jar!/:6.2.3]
	at org.springframework.beans.factory.support.AbstractBeanFactory.getBean(AbstractBeanFactory.java:207) ~[spring-beans-6.2.3.jar!/:6.2.3]
	at org.springframework.context.support.AbstractApplicationContext.finishBeanFactoryInitialization(AbstractApplicationContext.java:970) ~[spring-context-6.2.3.jar!/:6.2.3]
	at org.springframework.context.support.AbstractApplicationContext.refresh(AbstractApplicationContext.java:627) ~[spring-context-6.2.3.jar!/:6.2.3]
	at org.springframework.boot.web.servlet.context.ServletWebServerApplicationContext.refresh(ServletWebServerApplicationContext.java:146) ~[spring-boot-3.4.3.jar!/:3.4.3]
	at org.springframework.boot.SpringApplication.refresh(SpringApplication.java:752) ~[spring-boot-3.4.3.jar!/:3.4.3]
	at org.springframework.boot.SpringApplication.refreshContext(SpringApplication.java:439) ~[spring-boot-3.4.3.jar!/:3.4.3]
	at org.springframework.boot.SpringApplication.run(SpringApplication.java:318) ~[spring-boot-3.4.3.jar!/:3.4.3]
	at org.springframework.boot.SpringApplication.run(SpringApplication.java:1361) ~[spring-boot-3.4.3.jar!/:3.4.3]
	at org.springframework.boot.SpringApplication.run(SpringApplication.java:1350) ~[spring-boot-3.4.3.jar!/:3.4.3]
	at com.glucovision.patientservice.PatientServiceApplication.main(PatientServiceApplication.java:12) ~[!/:0.0.1-SNAPSHOT]
	at java.base/jdk.internal.reflect.DirectMethodHandleAccessor.invoke(DirectMethodHandleAccessor.java:103) ~[na:na]
	at java.base/java.lang.reflect.Method.invoke(Method.java:580) ~[na:na]
	at org.springframework.boot.loader.launch.Launcher.launch(Launcher.java:102) ~[app.jar:0.0.1-SNAPSHOT]
	at org.springframework.boot.loader.launch.Launcher.launch(Launcher.java:64) ~[app.jar:0.0.1-SNAPSHOT]
	at org.springframework.boot.loader.launch.JarLauncher.main(JarLauncher.java:40) ~[app.jar:0.0.1-SNAPSHOT]
Caused by: com.mysql.cj.jdbc.exceptions.CommunicationsException: Communications link failure

The last packet sent successfully to the server was 0 milliseconds ago. The driver has not received any packets from the server.
	at com.mysql.cj.jdbc.exceptions.SQLError.createCommunicationsException(SQLError.java:165) ~[mysql-connector-j-9.1.0.jar!/:9.1.0]
	at com.mysql.cj.jdbc.exceptions.SQLExceptionsMapping.translateException(SQLExceptionsMapping.java:55) ~[mysql-connector-j-9.1.0.jar!/:9.1.0]
	at com.mysql.cj.jdbc.ConnectionImpl.createNewIO(ConnectionImpl.java:837) ~[mysql-connector-j-9.1.0.jar!/:9.1.0]
	at com.mysql.cj.jdbc.ConnectionImpl.<init>(ConnectionImpl.java:420) ~[mysql-connector-j-9.1.0.jar!/:9.1.0]
	at com.mysql.cj.jdbc.ConnectionImpl.getInstance(ConnectionImpl.java:238) ~[mysql-connector-j-9.1.0.jar!/:9.1.0]
	at com.mysql.cj.jdbc.NonRegisteringDriver.connect(NonRegisteringDriver.java:180) ~[mysql-connector-j-9.1.0.jar!/:9.1.0]
	at com.zaxxer.hikari.util.DriverDataSource.getConnection(DriverDataSource.java:137) ~[HikariCP-5.1.0.jar!/:na]
	at com.zaxxer.hikari.pool.PoolBase.newConnection(PoolBase.java:360) ~[HikariCP-5.1.0.jar!/:na]
	at com.zaxxer.hikari.pool.PoolBase.newPoolEntry(PoolBase.java:202) ~[HikariCP-5.1.0.jar!/:na]
	at com.zaxxer.hikari.pool.HikariPool.createPoolEntry(HikariPool.java:461) ~[HikariCP-5.1.0.jar!/:na]
	at com.zaxxer.hikari.pool.HikariPool.checkFailFast(HikariPool.java:550) ~[HikariCP-5.1.0.jar!/:na]
	at com.zaxxer.hikari.pool.HikariPool.<init>(HikariPool.java:98) ~[HikariCP-5.1.0.jar!/:na]
	at com.zaxxer.hikari.HikariDataSource.getConnection(HikariDataSource.java:111) ~[HikariCP-5.1.0.jar!/:na]
	at org.hibernate.engine.jdbc.connections.internal.DatasourceConnectionProviderImpl.getConnection(DatasourceConnectionProviderImpl.java:126) ~[hibernate-core-6.6.8.Final.jar!/:6.6.8.Final]
	at org.hibernate.engine.jdbc.env.internal.JdbcEnvironmentInitiator$ConnectionProviderJdbcConnectionAccess.obtainConnection(JdbcEnvironmentInitiator.java:467) ~[hibernate-core-6.6.8.Final.jar!/:6.6.8.Final]
	at org.hibernate.resource.transaction.backend.jdbc.internal.JdbcIsolationDelegate.delegateWork(JdbcIsolationDelegate.java:61) ~[hibernate-core-6.6.8.Final.jar!/:6.6.8.Final]
	... 40 common frames omitted
Caused by: com.mysql.cj.exceptions.CJCommunicationsException: Communications link failure

The last packet sent successfully to the server was 0 milliseconds ago. The driver has not received any packets from the server.
	at java.base/jdk.internal.reflect.DirectConstructorHandleAccessor.newInstance(DirectConstructorHandleAccessor.java:62) ~[na:na]
	at java.base/java.lang.reflect.Constructor.newInstanceWithCaller(Constructor.java:502) ~[na:na]
	at java.base/java.lang.reflect.Constructor.newInstance(Constructor.java:486) ~[na:na]
	at com.mysql.cj.exceptions.ExceptionFactory.createException(ExceptionFactory.java:52) ~[mysql-connector-j-9.1.0.jar!/:9.1.0]
	at com.mysql.cj.exceptions.ExceptionFactory.createException(ExceptionFactory.java:95) ~[mysql-connector-j-9.1.0.jar!/:9.1.0]
	at com.mysql.cj.exceptions.ExceptionFactory.createException(ExceptionFactory.java:140) ~[mysql-connector-j-9.1.0.jar!/:9.1.0]
	at com.mysql.cj.exceptions.ExceptionFactory.createCommunicationsException(ExceptionFactory.java:156) ~[mysql-connector-j-9.1.0.jar!/:9.1.0]
	at com.mysql.cj.protocol.a.NativeSocketConnection.connect(NativeSocketConnection.java:79) ~[mysql-connector-j-9.1.0.jar!/:9.1.0]
	at com.mysql.cj.NativeSession.connect(NativeSession.java:142) ~[mysql-connector-j-9.1.0.jar!/:9.1.0]
	at com.mysql.cj.jdbc.ConnectionImpl.connectOneTryOnly(ConnectionImpl.java:961) ~[mysql-connector-j-9.1.0.jar!/:9.1.0]
	at com.mysql.cj.jdbc.ConnectionImpl.createNewIO(ConnectionImpl.java:825) ~[mysql-connector-j-9.1.0.jar!/:9.1.0]
	... 53 common frames omitted
Caused by: java.net.ConnectException: Connection refused
	at java.base/sun.nio.ch.Net.pollConnect(Native Method) ~[na:na]
	at java.base/sun.nio.ch.Net.pollConnectNow(Net.java:682) ~[na:na]
	at java.base/sun.nio.ch.NioSocketImpl.timedFinishConnect(NioSocketImpl.java:542) ~[na:na]
	at java.base/sun.nio.ch.NioSocketImpl.connect(NioSocketImpl.java:592) ~[na:na]
	at java.base/java.net.SocksSocketImpl.connect(SocksSocketImpl.java:327) ~[na:na]
	at java.base/java.net.Socket.connect(Socket.java:751) ~[na:na]
	at com.mysql.cj.protocol.StandardSocketFactory.connect(StandardSocketFactory.java:144) ~[mysql-connector-j-9.1.0.jar!/:9.1.0]
	at com.mysql.cj.protocol.a.NativeSocketConnection.connect(NativeSocketConnection.java:53) ~[mysql-connector-j-9.1.0.jar!/:9.1.0]
	... 56 common frames omitted

2025-05-26T13:40:42.817Z  WARN 1 --- [patient-service] [main] org.hibernate.orm.deprecation            : HHH90000025: MySQLDialect does not need to be specified explicitly using 'hibernate.dialect' (remove the property setting and it will be selected by default)
2025-05-26T13:40:42.848Z  INFO 1 --- [patient-service] [main] org.hibernate.orm.connections.pooling    : HHH10001005: Database info:
	Database JDBC URL [Connecting through datasource 'HikariDataSource (null)']
	Database driver: undefined/unknown
	Database version: 8.0
	Autocommit mode: undefined/unknown
	Isolation level: undefined/unknown
	Minimum pool size: undefined/unknown
	Maximum pool size: undefined/unknown
2025-05-26T13:40:44.497Z  INFO 1 --- [patient-service] [main] o.h.e.t.j.p.i.JtaPlatformInitiator       : HHH000489: No JTA platform available (set 'hibernate.transaction.jta.platform' to enable JTA platform integration)
2025-05-26T13:40:44.525Z  INFO 1 --- [patient-service] [main] com.zaxxer.hikari.HikariDataSource       : HikariPool-1 - Starting...
2025-05-26T13:40:45.112Z  INFO 1 --- [patient-service] [main] com.zaxxer.hikari.pool.HikariPool        : HikariPool-1 - Added connection com.mysql.cj.jdbc.ConnectionImpl@11efa76e
2025-05-26T13:40:45.118Z  INFO 1 --- [patient-service] [main] com.zaxxer.hikari.HikariDataSource       : HikariPool-1 - Start completed.
2025-05-26T13:40:45.461Z  INFO 1 --- [patient-service] [main] j.LocalContainerEntityManagerFactoryBean : Initialized JPA EntityManagerFactory for persistence unit 'default'
2025-05-26T13:40:46.554Z  WARN 1 --- [patient-service] [main] JpaBaseConfiguration$JpaWebConfiguration : spring.jpa.open-in-view is enabled by default. Therefore, database queries may be performed during view rendering. Explicitly configure spring.jpa.open-in-view to disable this warning
2025-05-26T13:40:48.024Z  INFO 1 --- [patient-service] [main] o.s.b.a.e.web.EndpointLinksResolver      : Exposing 2 endpoints beneath base path '/actuator'
2025-05-26T13:40:48.098Z  INFO 1 --- [patient-service] [main] c.g.p.config.SecurityConfig              : [SECURITY] Configuring SecurityFilterChain for Patient Service
2025-05-26T13:40:48.230Z  INFO 1 --- [patient-service] [main] c.g.p.config.SecurityConfig              : [SECURITY] JwtDecoder initialized with HMAC secret
2025-05-26T13:40:49.586Z  INFO 1 --- [patient-service] [main] o.s.b.w.embedded.tomcat.TomcatWebServer  : Tomcat started on port 8080 (http) with context path '/'
2025-05-26T13:40:49.644Z  INFO 1 --- [patient-service] [main] c.g.p.PatientServiceApplication          : Started PatientServiceApplication in 37.881 seconds (process running for 40.876)
2025-05-26T13:42:51.651Z  INFO 1 --- [patient-service] [SpringApplicationShutdownHook] o.s.b.w.e.tomcat.GracefulShutdown        : Commencing graceful shutdown. Waiting for active requests to complete
2025-05-26T13:42:51.659Z  INFO 1 --- [patient-service] [tomcat-shutdown] o.s.b.w.e.tomcat.GracefulShutdown        : Graceful shutdown complete
2025-05-26T13:42:51.673Z  INFO 1 --- [patient-service] [SpringApplicationShutdownHook] j.LocalContainerEntityManagerFactoryBean : Closing JPA EntityManagerFactory for persistence unit 'default'
2025-05-26T13:42:51.683Z  INFO 1 --- [patient-service] [SpringApplicationShutdownHook] com.zaxxer.hikari.HikariDataSource       : HikariPool-1 - Shutdown initiated...
2025-05-26T13:42:51.701Z  INFO 1 --- [patient-service] [SpringApplicationShutdownHook] com.zaxxer.hikari.HikariDataSource       : HikariPool-1 - Shutdown completed.
2025-05-26T13:43:33.652Z  INFO 1 --- [patient-service] [main] c.g.p.PatientServiceApplication          : No active profile set, falling back to 1 default profile: "default"
2025-05-26T13:43:37.241Z  INFO 1 --- [patient-service] [main] .s.d.r.c.RepositoryConfigurationDelegate : Bootstrapping Spring Data JPA repositories in DEFAULT mode.
2025-05-26T13:43:37.428Z  INFO 1 --- [patient-service] [main] .s.d.r.c.RepositoryConfigurationDelegate : Finished Spring Data repository scanning in 145 ms. Found 1 JPA repository interface.
2025-05-26T13:43:38.621Z  INFO 1 --- [patient-service] [main] o.s.cloud.context.scope.GenericScope     : BeanFactory id=1e110a48-b61b-3819-a602-547459bad085
2025-05-26T13:43:42.761Z  INFO 1 --- [patient-service] [main] o.s.b.w.embedded.tomcat.TomcatWebServer  : Tomcat initialized with port 8080 (http)
2025-05-26T13:43:42.889Z  INFO 1 --- [patient-service] [main] o.apache.catalina.core.StandardService   : Starting service [Tomcat]
2025-05-26T13:43:42.903Z  INFO 1 --- [patient-service] [main] o.apache.catalina.core.StandardEngine    : Starting Servlet engine: [Apache Tomcat/10.1.36]
2025-05-26T13:43:43.242Z  INFO 1 --- [patient-service] [main] o.a.c.c.C.[Tomcat].[localhost].[/]       : Initializing Spring embedded WebApplicationContext
2025-05-26T13:43:43.244Z  INFO 1 --- [patient-service] [main] w.s.c.ServletWebServerApplicationContext : Root WebApplicationContext: initialization completed in 9455 ms
2025-05-26T13:43:45.545Z  INFO 1 --- [patient-service] [main] o.hibernate.jpa.internal.util.LogHelper  : HHH000204: Processing PersistenceUnitInfo [name: default]
2025-05-26T13:43:45.911Z  INFO 1 --- [patient-service] [main] org.hibernate.Version                    : HHH000412: Hibernate ORM core version 6.6.8.Final
2025-05-26T13:43:46.047Z  INFO 1 --- [patient-service] [main] o.h.c.internal.RegionFactoryInitiator    : HHH000026: Second-level cache disabled
2025-05-26T13:43:47.193Z  INFO 1 --- [patient-service] [main] o.s.o.j.p.SpringPersistenceUnitInfo      : No LoadTimeWeaver setup: ignoring JPA class transformer
2025-05-26T13:43:47.368Z  INFO 1 --- [patient-service] [main] com.zaxxer.hikari.HikariDataSource       : HikariPool-1 - Starting...
2025-05-26T13:43:48.451Z  INFO 1 --- [patient-service] [main] com.zaxxer.hikari.pool.HikariPool        : HikariPool-1 - Added connection com.mysql.cj.jdbc.ConnectionImpl@328bc067
2025-05-26T13:43:48.457Z  INFO 1 --- [patient-service] [main] com.zaxxer.hikari.HikariDataSource       : HikariPool-1 - Start completed.
2025-05-26T13:43:48.641Z  WARN 1 --- [patient-service] [main] org.hibernate.orm.deprecation            : HHH90000025: MySQLDialect does not need to be specified explicitly using 'hibernate.dialect' (remove the property setting and it will be selected by default)
2025-05-26T13:43:48.695Z  INFO 1 --- [patient-service] [main] org.hibernate.orm.connections.pooling    : HHH10001005: Database info:
	Database JDBC URL [Connecting through datasource 'HikariDataSource (HikariPool-1)']
	Database driver: undefined/unknown
	Database version: 8.0.36
	Autocommit mode: undefined/unknown
	Isolation level: undefined/unknown
	Minimum pool size: undefined/unknown
	Maximum pool size: undefined/unknown
2025-05-26T13:43:50.623Z  INFO 1 --- [patient-service] [main] o.h.e.t.j.p.i.JtaPlatformInitiator       : HHH000489: No JTA platform available (set 'hibernate.transaction.jta.platform' to enable JTA platform integration)
2025-05-26T13:43:50.710Z  INFO 1 --- [patient-service] [main] j.LocalContainerEntityManagerFactoryBean : Initialized JPA EntityManagerFactory for persistence unit 'default'
2025-05-26T13:43:52.049Z  WARN 1 --- [patient-service] [main] JpaBaseConfiguration$JpaWebConfiguration : spring.jpa.open-in-view is enabled by default. Therefore, database queries may be performed during view rendering. Explicitly configure spring.jpa.open-in-view to disable this warning
2025-05-26T13:43:53.776Z  INFO 1 --- [patient-service] [main] o.s.b.a.e.web.EndpointLinksResolver      : Exposing 2 endpoints beneath base path '/actuator'
2025-05-26T13:43:53.855Z  INFO 1 --- [patient-service] [main] c.g.p.config.SecurityConfig              : [SECURITY] Configuring SecurityFilterChain for Patient Service
2025-05-26T13:43:54.014Z  INFO 1 --- [patient-service] [main] c.g.p.config.SecurityConfig              : [SECURITY] JwtDecoder initialized with HMAC secret
2025-05-26T13:43:55.264Z  INFO 1 --- [patient-service] [main] o.s.b.w.embedded.tomcat.TomcatWebServer  : Tomcat started on port 8080 (http) with context path '/'
2025-05-26T13:43:55.316Z  INFO 1 --- [patient-service] [main] c.g.p.PatientServiceApplication          : Started PatientServiceApplication in 26.907 seconds (process running for 29.946)
